2020-09-24 10:52:06,077 p=4078 u=ansible n=ansible | PLAY [diplay free memory] ****************************************************************************************************************************
2020-09-24 10:52:06,095 p=4078 u=ansible n=ansible | TASK [Gathering Facts] *******************************************************************************************************************************
2020-09-24 10:52:08,611 p=4078 u=ansible n=ansible | ok: [ansible1.example.com]
2020-09-24 10:52:08,635 p=4078 u=ansible n=ansible | TASK [show memory] ***********************************************************************************************************************************
2020-09-24 10:52:08,695 p=4078 u=ansible n=ansible | ok: [ansible1.example.com] => {
    "msg": "Free memory 7"
}
2020-09-24 10:52:08,714 p=4078 u=ansible n=ansible | TASK [display output variable] ***********************************************************************************************************************
2020-09-24 10:52:08,737 p=4078 u=ansible n=ansible | skipping: [ansible1.example.com]
2020-09-24 10:52:08,743 p=4078 u=ansible n=ansible | PLAY RECAP *******************************************************************************************************************************************
2020-09-24 10:52:08,744 p=4078 u=ansible n=ansible | ansible1.example.com       : ok=2    changed=0    unreachable=0    failed=0    skipped=1    rescued=0    ignored=0   
2020-09-24 10:52:23,946 p=4108 u=ansible n=ansible | PLAY [diplay free memory] ****************************************************************************************************************************
2020-09-24 10:52:23,962 p=4108 u=ansible n=ansible | TASK [Gathering Facts] *******************************************************************************************************************************
2020-09-24 10:52:25,905 p=4108 u=ansible n=ansible | ok: [ansible1.example.com]
2020-09-24 10:52:25,928 p=4108 u=ansible n=ansible | TASK [show memory] ***********************************************************************************************************************************
2020-09-24 10:52:25,990 p=4108 u=ansible n=ansible | ok: [ansible1.example.com] => {
    "msg": "Free memory 7"
}
2020-09-24 10:52:26,009 p=4108 u=ansible n=ansible | TASK [display output variable] ***********************************************************************************************************************
2020-09-24 10:52:26,034 p=4108 u=ansible n=ansible | skipping: [ansible1.example.com]
2020-09-24 10:52:26,038 p=4108 u=ansible n=ansible | PLAY RECAP *******************************************************************************************************************************************
2020-09-24 10:52:26,038 p=4108 u=ansible n=ansible | ansible1.example.com       : ok=2    changed=0    unreachable=0    failed=0    skipped=1    rescued=0    ignored=0   
2020-09-24 11:36:34,908 p=4194 u=ansible n=ansible | PLAY [diplay free memory] ****************************************************************************************************************************
2020-09-24 11:36:34,925 p=4194 u=ansible n=ansible | TASK [Gathering Facts] *******************************************************************************************************************************
2020-09-24 11:36:38,384 p=4194 u=ansible n=ansible | ok: [ansible1.example.com]
2020-09-24 11:36:38,408 p=4194 u=ansible n=ansible | TASK [show memory] ***********************************************************************************************************************************
2020-09-24 11:36:38,472 p=4194 u=ansible n=ansible | ok: [ansible1.example.com] => {
    "msg": "Free memory 22"
}
2020-09-24 11:36:38,491 p=4194 u=ansible n=ansible | TASK [display output variable] ***********************************************************************************************************************
2020-09-24 11:36:38,514 p=4194 u=ansible n=ansible | skipping: [ansible1.example.com]
2020-09-24 11:36:38,536 p=4194 u=ansible n=ansible | TASK [check mode] ************************************************************************************************************************************
2020-09-24 11:36:39,605 p=4194 u=ansible n=ansible | changed: [ansible1.example.com]
2020-09-24 11:36:39,608 p=4194 u=ansible n=ansible | PLAY RECAP *******************************************************************************************************************************************
2020-09-24 11:36:39,608 p=4194 u=ansible n=ansible | ansible1.example.com       : ok=3    changed=1    unreachable=0    failed=0    skipped=1    rescued=0    ignored=0   
